TN:
SF:src/magic/carta.ts
FN:34,<instance_members_initializer>
FN:61,Carta
FNF:2
FNH:2
FNDA:26,<instance_members_initializer>
FNDA:26,Carta
DA:1,1
DA:2,1
DA:3,1
DA:4,1
DA:5,1
DA:6,1
DA:7,1
DA:8,1
DA:9,1
DA:10,1
DA:11,1
DA:12,1
DA:13,1
DA:14,1
DA:15,1
DA:16,1
DA:17,1
DA:18,1
DA:19,1
DA:20,1
DA:21,1
DA:22,1
DA:23,1
DA:24,1
DA:25,1
DA:26,1
DA:27,1
DA:28,1
DA:29,1
DA:30,1
DA:31,1
DA:32,1
DA:33,1
DA:34,1
DA:35,26
DA:36,26
DA:37,26
DA:38,26
DA:39,26
DA:40,26
DA:41,26
DA:42,26
DA:43,26
DA:44,26
DA:45,26
DA:46,26
DA:47,26
DA:48,26
DA:49,26
DA:50,26
DA:51,26
DA:52,26
DA:53,26
DA:54,26
DA:55,26
DA:56,26
DA:57,26
DA:58,26
DA:59,26
DA:60,26
DA:61,26
DA:62,26
DA:63,26
DA:64,26
DA:65,26
DA:66,26
DA:67,26
DA:68,26
DA:69,26
DA:70,26
DA:71,26
DA:72,26
DA:73,26
DA:74,6
DA:75,6
DA:76,26
DA:77,3
DA:78,20
DA:79,1
DA:80,1
DA:81,26
DA:82,1
DA:83,26
DA:84,1
DA:85,21
DA:86,1
DA:87,1
DA:88,26
DA:89,26
LF:89
LH:89
BRDA:2,0,0,1
BRDA:13,1,0,1
BRDA:24,2,0,1
BRDA:34,3,0,26
BRDA:61,4,0,26
BRDA:65,5,0,0
BRDA:67,6,0,0
BRDA:69,7,0,0
BRDA:73,8,0,8
BRDA:73,9,0,7
BRDA:73,10,0,6
BRDA:76,11,0,20
BRDA:76,12,0,2
BRDA:76,13,0,19
BRDA:76,14,0,3
BRDA:78,15,0,17
BRDA:78,16,0,1
BRDA:78,17,0,1
BRDA:78,18,0,1
BRDA:81,19,0,22
BRDA:81,20,0,2
BRDA:81,21,0,1
BRDA:83,22,0,21
BRDA:83,23,0,20
BRDA:83,24,0,1
BRDA:85,25,0,20
BRDA:85,26,0,1
BRDA:85,27,0,1
BRF:28
BRH:25
end_of_record
TN:
SF:src/magic/coleccion_cartas.ts
FN:19,addCarta
FN:38,listCartas
FN:101,readCarta
FN:159,modifyCarta
FN:178,removeCarta
FNF:5
FNH:5
FNDA:15,addCarta
FNDA:4,listCartas
FNDA:3,readCarta
FNDA:3,modifyCarta
FNDA:4,removeCarta
DA:1,1
DA:2,1
DA:3,1
DA:4,1
DA:5,1
DA:6,1
DA:7,1
DA:8,1
DA:9,1
DA:10,1
DA:11,1
DA:12,1
DA:13,1
DA:14,1
DA:15,1
DA:16,1
DA:17,1
DA:18,1
DA:19,1
DA:20,15
DA:21,15
DA:22,6
DA:23,6
DA:24,15
DA:25,1
DA:26,1
DA:27,14
DA:28,14
DA:29,14
DA:30,1
DA:31,1
DA:32,1
DA:33,1
DA:34,1
DA:35,1
DA:36,1
DA:37,1
DA:38,1
DA:39,4
DA:40,4
DA:41,2
DA:42,2
DA:43,2
DA:44,2
DA:45,2
DA:46,9
DA:47,9
DA:48,9
DA:49,9
DA:50,9
DA:51,9
DA:52,9
DA:53,1
DA:54,1
DA:55,9
DA:56,2
DA:57,2
DA:58,9
DA:59,1
DA:60,1
DA:61,9
DA:62,1
DA:63,1
DA:64,9
DA:65,2
DA:66,2
DA:67,9
DA:68,1
DA:69,1
DA:70,9
DA:71,1
DA:72,1
DA:73,9
DA:74,9
DA:75,9
DA:76,9
DA:77,9
DA:78,9
DA:79,3
DA:80,3
DA:81,3
DA:82,3
DA:83,9
DA:84,0
DA:85,0
DA:86,0
DA:87,6
DA:88,6
DA:89,6
DA:90,2
DA:91,2
DA:92,2
DA:93,1
DA:94,1
DA:95,1
DA:96,1
DA:97,1
DA:98,1
DA:99,1
DA:100,1
DA:101,1
DA:102,3
DA:103,3
DA:104,1
DA:105,1
DA:106,3
DA:107,1
DA:108,1
DA:109,1
DA:110,1
DA:111,1
DA:112,1
DA:113,1
DA:114,1
DA:115,3
DA:116,0
DA:117,0
DA:118,3
DA:119,1
DA:120,1
DA:121,3
DA:122,0
DA:123,0
DA:124,3
DA:125,0
DA:126,0
DA:127,3
DA:128,0
DA:129,0
DA:130,3
DA:131,0
DA:132,0
DA:133,3
DA:134,0
DA:135,0
DA:136,3
DA:137,1
DA:138,1
DA:139,1
DA:140,1
DA:141,3
DA:142,0
DA:143,0
DA:144,0
DA:145,3
DA:146,0
DA:147,0
DA:148,0
DA:149,1
DA:150,1
DA:151,1
DA:152,1
DA:153,1
DA:154,1
DA:155,1
DA:156,1
DA:157,1
DA:158,1
DA:159,1
DA:160,3
DA:161,3
DA:162,1
DA:163,1
DA:164,3
DA:165,1
DA:166,1
DA:167,1
DA:168,1
DA:169,1
DA:170,1
DA:171,1
DA:172,1
DA:173,1
DA:174,1
DA:175,1
DA:176,1
DA:177,1
DA:178,1
DA:179,4
DA:180,4
DA:181,1
DA:182,1
DA:183,4
DA:184,1
DA:185,1
DA:186,2
DA:187,2
DA:188,2
DA:189,1
LF:189
LH:168
BRDA:19,0,0,15
BRDA:21,1,0,6
BRDA:24,2,0,1
BRDA:27,3,0,14
BRDA:38,4,0,4
BRDA:40,5,0,2
BRDA:45,6,0,9
BRDA:52,7,0,1
BRDA:55,8,0,2
BRDA:58,9,0,1
BRDA:61,10,0,1
BRDA:64,11,0,2
BRDA:67,12,0,1
BRDA:70,13,0,1
BRDA:78,14,0,3
BRDA:83,15,0,6
BRDA:83,16,0,0
BRDA:101,17,0,3
BRDA:103,18,0,1
BRDA:106,19,0,2
BRDA:106,20,0,1
BRDA:115,21,0,0
BRDA:118,22,0,1
BRDA:121,23,0,0
BRDA:124,24,0,0
BRDA:127,25,0,0
BRDA:130,26,0,0
BRDA:133,27,0,0
BRDA:137,28,0,1
BRDA:141,29,0,0
BRDA:145,30,0,1
BRDA:145,31,0,0
BRDA:159,32,0,3
BRDA:161,33,0,1
BRDA:164,34,0,2
BRDA:164,35,0,1
BRDA:178,36,0,4
BRDA:180,37,0,1
BRDA:183,38,0,3
BRDA:183,39,0,1
BRDA:186,40,0,2
BRF:41
BRH:32
end_of_record
